1657826242343:help
1657826247036:add-client Maks
1657826331820:help
1657826335934:add-client Maks
1657826349854:add-client 'Maks'
1657826358865:add-client maks
1657826687179:help
1657826692327:show-all-client
1657826706797:add-client
1657826712087:add-client name=Maks
1657826715326:add-client Maks
1657826720336:add-client Maksim
1657826725667:add-client Maks Maks
1657826731380:add-client ''
1657826734976:add-client
1657826785027:add-client Maks
1657826908583:add-debt-to-client 801668ff-6302-42a0-9adf-7db645539edb 500
1657826922214:help
1657826941809:add-pay-to-client-debt 74be5ad4-7eb2-468b-8719-5cc44d2c567b 500
1657826947032:show-all-clients
1657826956069:show-all-client
